<?xml version="1.0" encoding="UTF-8"?>
<testsuite name="com.example.jokesdk.DadJokeClientTest" tests="1" skipped="0" failures="0" errors="0" timestamp="2026-02-15T16:18:35.489Z" hostname="Michaels-MacBook-Air.local" time="0.278">
  <properties/>
  <testcase name="test fetch joke returns success" classname="com.example.jokesdk.DadJokeClientTest" time="0.276"/>
  <system-out><![CDATA[Fetched Joke: My son is studying to be a surgeon, I just hope he makes the cut.
]]></system-out>
  <system-err><![CDATA[]]></system-err>
</testsuite>
